<?xml version="1.0" encoding="UTF-8"?>
<!-- Generated by org.testng.reporters.JUnitReportReporter -->
<testsuite hostname="LAPTOP-MQIQG94F" failures="0" tests="1" name="TC_InVue.TesttoVerifyAddNewZone" time="13.597" errors="0" timestamp="2021-10-13T13:18:40 IST" skipped="0">
  <testcase classname="TC_InVue.TesttoVerifyAddNewZone" name="AddNewZone" time="13.597"/>
  <system-out/>
</testsuite> <!-- TC_InVue.TesttoVerifyAddNewZone -->
