<?xml version="1.0" encoding="UTF-8"?>
<!-- Generated by org.testng.reporters.JUnitReportReporter -->
<testsuite hostname="LAPTOP-MQIQG94F" failures="0" tests="1" name="TC_InVue.TesttoVerifyLogin" time="11.396" errors="0" timestamp="2021-10-20T15:46:38 IST" skipped="0">
  <testcase classname="TC_InVue.TesttoVerifyLogin" name="loginTest" time="11.396"/>
  <system-out/>
</testsuite> <!-- TC_InVue.TesttoVerifyLogin -->
