<?xml version="1.0" encoding="UTF-8"?>
<!-- Generated by org.testng.reporters.JUnitReportReporter -->
<testsuite hostname="LAPTOP-MQIQG94F" failures="0" tests="1" name="TC_InVue.TesttoVerifyAddNewUser" time="10.992" errors="0" timestamp="2021-10-10T19:01:33 IST" skipped="0">
  <testcase classname="TC_InVue.TesttoVerifyAddNewUser" name="AddNewUser" time="10.992"/>
  <system-out/>
</testsuite> <!-- TC_InVue.TesttoVerifyAddNewUser -->
