<?xml version="1.0" encoding="UTF-8"?>
<!-- Generated by org.testng.reporters.JUnitReportReporter -->
<testsuite hostname="LAPTOP-MQIQG94F" failures="0" tests="1" name="TC_InVue.TesttoVerifyEditZone" time="21.771" errors="0" timestamp="2021-10-13T14:25:27 IST" skipped="0">
  <testcase classname="TC_InVue.TesttoVerifyEditZone" name="Editzone" time="21.771"/>
  <system-out/>
</testsuite> <!-- TC_InVue.TesttoVerifyEditZone -->
