<?xml version="1.0" encoding="UTF-8"?>
<!-- Generated by org.testng.reporters.JUnitReportReporter -->
<testsuite skipped="0" hostname="ULTP-693" name="TC_InVue.TC_Login_001" tests="1" failures="0" timestamp="28 Sep 2021 11:54:00 GMT" time="0.377" errors="0">
  <testcase name="loginTest" time="0.377" classname="TC_InVue.TC_Login_001"/>
</testsuite> <!-- TC_InVue.TC_Login_001 -->
