<?xml version="1.0" encoding="UTF-8"?>
<!-- Generated by org.testng.reporters.JUnitReportReporter -->
<testsuite hostname="LAPTOP-MQIQG94F" failures="0" tests="1" name="TC_InVue.TesttoVerifyAuditlogs" time="7.527" errors="0" timestamp="2021-11-01T17:52:37 IST" skipped="0">
  <testcase classname="TC_InVue.TesttoVerifyAuditlogs" name="TesttoVerifyAuditlogs" time="7.527"/>
  <system-out/>
</testsuite> <!-- TC_InVue.TesttoVerifyAuditlogs -->
