<?xml version="1.0" encoding="UTF-8"?>
<!-- Generated by org.testng.reporters.JUnitReportReporter -->
<testsuite hostname="LAPTOP-MQIQG94F" failures="0" tests="1" name="TC_InVue.TesttoVerifyAddNewUser" time="17.573" errors="0" timestamp="2021-10-06T13:53:31 IST" skipped="0">
  <testcase classname="TC_InVue.TesttoVerifyAddNewUser" name="AddNewUser" time="17.573"/>
  <system-out/>
</testsuite> <!-- TC_InVue.TesttoVerifyAddNewUser -->
