<?xml version="1.0" encoding="UTF-8"?>
<!-- Generated by org.testng.reporters.JUnitReportReporter -->
<testsuite hostname="LAPTOP-MQIQG94F" failures="0" tests="1" name="TC_InVue.TesttoEditUser" time="25.135" errors="0" timestamp="2021-10-28T14:25:53 IST" skipped="0">
  <testcase classname="TC_InVue.TesttoEditUser" name="EditUser" time="25.135"/>
  <system-out/>
</testsuite> <!-- TC_InVue.TesttoEditUser -->
