<?xml version="1.0" encoding="UTF-8"?>
<!-- Generated by org.testng.reporters.JUnitReportReporter -->
<testsuite hostname="LAPTOP-MQIQG94F" failures="0" tests="1" name="TC_InVue.TesttoVerifyLogin" time="6.361" errors="0" timestamp="2021-10-06T13:44:11 IST" skipped="0">
  <testcase classname="TC_InVue.TesttoVerifyLogin" name="loginTest" time="6.361"/>
  <system-out/>
</testsuite> <!-- TC_InVue.TesttoVerifyLogin -->
