<?xml version="1.0" encoding="UTF-8"?>
<!-- Generated by org.testng.reporters.JUnitReportReporter -->
<testsuite hostname="LAPTOP-MQIQG94F" failures="0" tests="1" name="TC_InVue.TesttoVerifyLogin" time="3.197" errors="0" timestamp="2021-11-01T14:02:00 IST" skipped="0">
  <testcase classname="TC_InVue.TesttoVerifyLogin" name="loginTest" time="3.197"/>
  <system-out/>
</testsuite> <!-- TC_InVue.TesttoVerifyLogin -->
