<?xml version="1.0" encoding="UTF-8"?>
<!-- Generated by org.testng.reporters.JUnitReportReporter -->
<testsuite hostname="LAPTOP-MQIQG94F" failures="0" tests="1" name="TC_InVue.TesttoEditRole" time="11.546" errors="0" timestamp="2021-10-27T18:18:09 IST" skipped="0">
  <testcase classname="TC_InVue.TesttoEditRole" name="Editrole" time="11.546"/>
  <system-out/>
</testsuite> <!-- TC_InVue.TesttoEditRole -->
